[0.185s] Invoking command in '/home/roboclub/dev_ws/build/urg_node2': CMAKE_PREFIX_PATH=${CMAKE_PREFIX_PATH}:/home/roboclub/turtlebot3_ws/install/jmu_turtlebot3_bringup:/opt/ros/humble /usr/bin/cmake --build /home/roboclub/dev_ws/build/urg_node2 -- -j16 -l16
[0.217s] [35m[1mConsolidate compiler generated dependencies of target gtest_main[0m
[0.217s] [35m[1mConsolidate compiler generated dependencies of target urg_node2_node[0m
[0.217s] [35m[1mConsolidate compiler generated dependencies of target urg_c[0m
[0.217s] [35m[1mConsolidate compiler generated dependencies of target gtest[0m
[0.229s] [ 30%] Built target gtest_main
[0.229s] [ 30%] Built target gtest
[0.229s] [ 65%] Built target urg_c
[0.232s] [ 75%] Built target urg_node2_node
[0.237s] [35m[1mConsolidate compiler generated dependencies of target urg_node2[0m
[0.239s] [35m[1mConsolidate compiler generated dependencies of target urg_node2_test[0m
[0.256s] [ 85%] Built target urg_node2
[0.256s] [100%] Built target urg_node2_test
[0.264s] Invoked command in '/home/roboclub/dev_ws/build/urg_node2' returned '0': CMAKE_PREFIX_PATH=${CMAKE_PREFIX_PATH}:/home/roboclub/turtlebot3_ws/install/jmu_turtlebot3_bringup:/opt/ros/humble /usr/bin/cmake --build /home/roboclub/dev_ws/build/urg_node2 -- -j16 -l16
[0.328s] Invoking command in '/home/roboclub/dev_ws/build/urg_node2': CMAKE_PREFIX_PATH=${CMAKE_PREFIX_PATH}:/home/roboclub/turtlebot3_ws/install/jmu_turtlebot3_bringup:/opt/ros/humble /usr/bin/cmake --install /home/roboclub/dev_ws/build/urg_node2
[0.334s] -- Install configuration: ""
[0.334s] -- Execute custom install script
[0.334s] -- Up-to-date symlink: /home/roboclub/dev_ws/install/urg_node2/lib/urg_node2/urg_node2_node
[0.335s] -- Up-to-date symlink: /home/roboclub/dev_ws/install/urg_node2/lib/liburg_node2.so
[0.335s] -- Up-to-date symlink: /home/roboclub/dev_ws/install/urg_node2/lib/liburg_c.so
[0.335s] -- Up-to-date symlink: /home/roboclub/dev_ws/install/urg_node2/share/urg_node2/launch/urg_node2.launch.py
[0.335s] -- Up-to-date symlink: /home/roboclub/dev_ws/install/urg_node2/share/urg_node2/launch/urg_node2_2lidar.launch.py
[0.335s] -- Up-to-date symlink: /home/roboclub/dev_ws/install/urg_node2/share/urg_node2/launch/urg_node2_component.launch.py
[0.335s] -- Up-to-date symlink: /home/roboclub/dev_ws/install/urg_node2/share/urg_node2/config/params_ether.yaml
[0.335s] -- Up-to-date symlink: /home/roboclub/dev_ws/install/urg_node2/share/urg_node2/config/params_ether_2nd.yaml
[0.335s] -- Up-to-date symlink: /home/roboclub/dev_ws/install/urg_node2/share/urg_node2/config/params_serial.yaml
[0.335s] -- Up-to-date symlink: /home/roboclub/dev_ws/install/urg_node2/share/ament_index/resource_index/package_run_dependencies/urg_node2
[0.335s] -- Up-to-date symlink: /home/roboclub/dev_ws/install/urg_node2/share/ament_index/resource_index/parent_prefix_path/urg_node2
[0.335s] -- Up-to-date symlink: /home/roboclub/dev_ws/install/urg_node2/share/urg_node2/environment/ament_prefix_path.sh
[0.336s] -- Up-to-date symlink: /home/roboclub/dev_ws/install/urg_node2/share/urg_node2/environment/ament_prefix_path.dsv
[0.336s] -- Up-to-date symlink: /home/roboclub/dev_ws/install/urg_node2/share/urg_node2/environment/path.sh
[0.336s] -- Up-to-date symlink: /home/roboclub/dev_ws/install/urg_node2/share/urg_node2/environment/path.dsv
[0.336s] -- Up-to-date symlink: /home/roboclub/dev_ws/install/urg_node2/share/urg_node2/local_setup.bash
[0.336s] -- Up-to-date symlink: /home/roboclub/dev_ws/install/urg_node2/share/urg_node2/local_setup.sh
[0.336s] -- Up-to-date symlink: /home/roboclub/dev_ws/install/urg_node2/share/urg_node2/local_setup.zsh
[0.336s] -- Up-to-date symlink: /home/roboclub/dev_ws/install/urg_node2/share/urg_node2/local_setup.dsv
[0.336s] -- Symlinking: /home/roboclub/dev_ws/install/urg_node2/share/urg_node2/package.dsv
[0.343s] -- Up-to-date symlink: /home/roboclub/dev_ws/install/urg_node2/share/ament_index/resource_index/packages/urg_node2
[0.343s] -- Up-to-date symlink: /home/roboclub/dev_ws/install/urg_node2/share/ament_index/resource_index/rclcpp_components/urg_node2
[0.343s] -- Up-to-date symlink: /home/roboclub/dev_ws/install/urg_node2/share/urg_node2/cmake/urg_node2Config.cmake
[0.344s] -- Up-to-date symlink: /home/roboclub/dev_ws/install/urg_node2/share/urg_node2/cmake/urg_node2Config-version.cmake
[0.344s] -- Up-to-date symlink: /home/roboclub/dev_ws/install/urg_node2/share/urg_node2/package.xml
[0.346s] Invoked command in '/home/roboclub/dev_ws/build/urg_node2' returned '0': CMAKE_PREFIX_PATH=${CMAKE_PREFIX_PATH}:/home/roboclub/turtlebot3_ws/install/jmu_turtlebot3_bringup:/opt/ros/humble /usr/bin/cmake --install /home/roboclub/dev_ws/build/urg_node2
