[0.197s] DEBUG:colcon:Command line arguments: ['/usr/bin/colcon', 'build', '--packages-select', 'jmu_bigbot']
[0.197s] DEBUG:colcon:Parsed command line arguments: Namespace(log_base=None, log_level=None, verb_name='build', build_base='build', install_base='install', merge_install=False, symlink_install=False, test_result_base=None, continue_on_error=False, executor='parallel', parallel_workers=16, event_handlers=None, ignore_user_meta=False, metas=['./colcon.meta'], base_paths=['.'], packages_ignore=None, packages_ignore_regex=None, paths=None, packages_up_to=None, packages_up_to_regex=None, packages_above=None, packages_above_and_dependencies=None, packages_above_depth=None, packages_select_by_dep=None, packages_skip_by_dep=None, packages_skip_up_to=None, packages_select_build_failed=False, packages_skip_build_finished=False, packages_select_test_failures=False, packages_skip_test_passed=False, packages_select=['jmu_bigbot'], packages_skip=None, packages_select_regex=None, packages_skip_regex=None, packages_start=None, packages_end=None, allow_overriding=[], cmake_args=None, cmake_target=None, cmake_target_skip_unavailable=False, cmake_clean_cache=False, cmake_clean_first=False, cmake_force_configure=False, ament_cmake_args=None, catkin_cmake_args=None, catkin_skip_building_tests=False, verb_parser=<colcon_defaults.argument_parser.defaults.DefaultArgumentsDecorator object at 0x7f11b85afd90>, verb_extension=<colcon_core.verb.build.BuildVerb object at 0x7f11b8d68b50>, main=<bound method BuildVerb.main of <colcon_core.verb.build.BuildVerb object at 0x7f11b8d68b50>>)
[0.218s] Level 1:colcon.colcon_core.package_discovery:discover_packages(colcon_meta) check parameters
[0.218s] Level 1:colcon.colcon_core.package_discovery:discover_packages(recursive) check parameters
[0.218s] Level 1:colcon.colcon_core.package_discovery:discover_packages(ignore) check parameters
[0.218s] Level 1:colcon.colcon_core.package_discovery:discover_packages(path) check parameters
[0.218s] Level 1:colcon.colcon_core.package_discovery:discover_packages(colcon_meta) discover
[0.218s] Level 1:colcon.colcon_core.package_discovery:discover_packages(recursive) discover
[0.218s] INFO:colcon.colcon_core.package_discovery:Crawling recursively for packages in '/home/roboclub/dev_ws'
[0.218s] Level 1:colcon.colcon_core.package_identification:_identify(.) by extensions ['ignore', 'ignore_ament_install']
[0.218s] Level 1:colcon.colcon_core.package_identification:_identify(.) by extension 'ignore'
[0.218s] Level 1:colcon.colcon_core.package_identification:_identify(.) by extension 'ignore_ament_install'
[0.218s] Level 1:colcon.colcon_core.package_identification:_identify(.) by extensions ['colcon_pkg']
[0.218s] Level 1:colcon.colcon_core.package_identification:_identify(.) by extension 'colcon_pkg'
[0.218s] Level 1:colcon.colcon_core.package_identification:_identify(.) by extensions ['colcon_meta']
[0.218s] Level 1:colcon.colcon_core.package_identification:_identify(.) by extension 'colcon_meta'
[0.218s] Level 1:colcon.colcon_core.package_identification:_identify(.) by extensions ['ros']
[0.218s] Level 1:colcon.colcon_core.package_identification:_identify(.) by extension 'ros'
[0.225s] Level 1:colcon.colcon_core.package_identification:_identify(.) by extensions ['cmake', 'python']
[0.225s] Level 1:colcon.colcon_core.package_identification:_identify(.) by extension 'cmake'
[0.225s] Level 1:colcon.colcon_core.package_identification:_identify(.) by extension 'python'
[0.225s] Level 1:colcon.colcon_core.package_identification:_identify(.) by extensions ['python_setup_py']
[0.225s] Level 1:colcon.colcon_core.package_identification:_identify(.) by extension 'python_setup_py'
[0.225s] Level 1:colcon.colcon_core.package_identification:_identify(build) by extensions ['ignore', 'ignore_ament_install']
[0.225s] Level 1:colcon.colcon_core.package_identification:_identify(build) by extension 'ignore'
[0.225s] Level 1:colcon.colcon_core.package_identification:_identify(build) ignored
[0.225s] Level 1:colcon.colcon_core.package_identification:_identify(install) by extensions ['ignore', 'ignore_ament_install']
[0.225s] Level 1:colcon.colcon_core.package_identification:_identify(install) by extension 'ignore'
[0.225s] Level 1:colcon.colcon_core.package_identification:_identify(install) ignored
[0.225s] Level 1:colcon.colcon_core.package_identification:_identify(log) by extensions ['ignore', 'ignore_ament_install']
[0.225s] Level 1:colcon.colcon_core.package_identification:_identify(log) by extension 'ignore'
[0.225s] Level 1:colcon.colcon_core.package_identification:_identify(log) ignored
[0.225s] Level 1:colcon.colcon_core.package_identification:_identify(src) by extensions ['ignore', 'ignore_ament_install']
[0.225s] Level 1:colcon.colcon_core.package_identification:_identify(src) by extension 'ignore'
[0.225s] Level 1:colcon.colcon_core.package_identification:_identify(src) by extension 'ignore_ament_install'
[0.225s] Level 1:colcon.colcon_core.package_identification:_identify(src) by extensions ['colcon_pkg']
[0.225s] Level 1:colcon.colcon_core.package_identification:_identify(src) by extension 'colcon_pkg'
[0.225s] Level 1:colcon.colcon_core.package_identification:_identify(src) by extensions ['colcon_meta']
[0.225s] Level 1:colcon.colcon_core.package_identification:_identify(src) by extension 'colcon_meta'
[0.225s] Level 1:colcon.colcon_core.package_identification:_identify(src) by extensions ['ros']
[0.226s] Level 1:colcon.colcon_core.package_identification:_identify(src) by extension 'ros'
[0.226s] Level 1:colcon.colcon_core.package_identification:_identify(src) by extensions ['cmake', 'python']
[0.226s] Level 1:colcon.colcon_core.package_identification:_identify(src) by extension 'cmake'
[0.226s] Level 1:colcon.colcon_core.package_identification:_identify(src) by extension 'python'
[0.226s] Level 1:colcon.colcon_core.package_identification:_identify(src) by extensions ['python_setup_py']
[0.226s] Level 1:colcon.colcon_core.package_identification:_identify(src) by extension 'python_setup_py'
[0.226s] Level 1:colcon.colcon_core.package_identification:_identify(src/jmu_bigbot) by extensions ['ignore', 'ignore_ament_install']
[0.226s] Level 1:colcon.colcon_core.package_identification:_identify(src/jmu_bigbot) by extension 'ignore'
[0.226s] Level 1:colcon.colcon_core.package_identification:_identify(src/jmu_bigbot) by extension 'ignore_ament_install'
[0.226s] Level 1:colcon.colcon_core.package_identification:_identify(src/jmu_bigbot) by extensions ['colcon_pkg']
[0.226s] Level 1:colcon.colcon_core.package_identification:_identify(src/jmu_bigbot) by extension 'colcon_pkg'
[0.226s] Level 1:colcon.colcon_core.package_identification:_identify(src/jmu_bigbot) by extensions ['colcon_meta']
[0.226s] Level 1:colcon.colcon_core.package_identification:_identify(src/jmu_bigbot) by extension 'colcon_meta'
[0.226s] Level 1:colcon.colcon_core.package_identification:_identify(src/jmu_bigbot) by extensions ['ros']
[0.226s] Level 1:colcon.colcon_core.package_identification:_identify(src/jmu_bigbot) by extension 'ros'
[0.227s] DEBUG:colcon.colcon_core.package_identification:Package 'src/jmu_bigbot' with type 'ros.ament_python' and name 'jmu_bigbot'
[0.227s] Level 1:colcon.colcon_core.package_identification:_identify(src/urg_node2) by extensions ['ignore', 'ignore_ament_install']
[0.227s] Level 1:colcon.colcon_core.package_identification:_identify(src/urg_node2) by extension 'ignore'
[0.227s] Level 1:colcon.colcon_core.package_identification:_identify(src/urg_node2) by extension 'ignore_ament_install'
[0.227s] Level 1:colcon.colcon_core.package_identification:_identify(src/urg_node2) by extensions ['colcon_pkg']
[0.227s] Level 1:colcon.colcon_core.package_identification:_identify(src/urg_node2) by extension 'colcon_pkg'
[0.227s] Level 1:colcon.colcon_core.package_identification:_identify(src/urg_node2) by extensions ['colcon_meta']
[0.227s] Level 1:colcon.colcon_core.package_identification:_identify(src/urg_node2) by extension 'colcon_meta'
[0.227s] Level 1:colcon.colcon_core.package_identification:_identify(src/urg_node2) by extensions ['ros']
[0.227s] Level 1:colcon.colcon_core.package_identification:_identify(src/urg_node2) by extension 'ros'
[0.228s] DEBUG:colcon.colcon_core.package_identification:Package 'src/urg_node2' with type 'ros.ament_cmake' and name 'urg_node2'
[0.228s] Level 1:colcon.colcon_core.package_discovery:discover_packages(recursive) using defaults
[0.228s] Level 1:colcon.colcon_core.package_discovery:discover_packages(ignore) discover
[0.228s] Level 1:colcon.colcon_core.package_discovery:discover_packages(ignore) using defaults
[0.228s] Level 1:colcon.colcon_core.package_discovery:discover_packages(path) discover
[0.228s] Level 1:colcon.colcon_core.package_discovery:discover_packages(path) using defaults
[0.241s] INFO:colcon.colcon_core.package_selection:Skipping not selected package 'urg_node2' in 'src/urg_node2'
[0.241s] Level 1:colcon.colcon_core.package_discovery:discover_packages(prefix_path) check parameters
[0.241s] Level 1:colcon.colcon_core.package_discovery:discover_packages(prefix_path) discover
[0.243s] DEBUG:colcon.colcon_installed_package_information.package_discovery:Found 1 installed packages in /home/roboclub/dev_ws/install
[0.243s] DEBUG:colcon.colcon_installed_package_information.package_discovery:Found 3 installed packages in /home/roboclub/rover_workspace/install
[0.244s] DEBUG:colcon.colcon_installed_package_information.package_discovery:Found 3 installed packages in /home/roboclub/turtlebot3_ws/install
[0.244s] DEBUG:colcon.colcon_installed_package_information.package_discovery:Found 281 installed packages in /opt/ros/humble
[0.245s] Level 1:colcon.colcon_core.package_discovery:discover_packages(prefix_path) using defaults
[0.277s] Level 5:colcon.colcon_core.verb:set package 'jmu_bigbot' build argument 'cmake_args' from command line to 'None'
[0.277s] Level 5:colcon.colcon_core.verb:set package 'jmu_bigbot' build argument 'cmake_target' from command line to 'None'
[0.277s] Level 5:colcon.colcon_core.verb:set package 'jmu_bigbot' build argument 'cmake_target_skip_unavailable' from command line to 'False'
[0.277s] Level 5:colcon.colcon_core.verb:set package 'jmu_bigbot' build argument 'cmake_clean_cache' from command line to 'False'
[0.278s] Level 5:colcon.colcon_core.verb:set package 'jmu_bigbot' build argument 'cmake_clean_first' from command line to 'False'
[0.278s] Level 5:colcon.colcon_core.verb:set package 'jmu_bigbot' build argument 'cmake_force_configure' from command line to 'False'
[0.278s] Level 5:colcon.colcon_core.verb:set package 'jmu_bigbot' build argument 'ament_cmake_args' from command line to 'None'
[0.278s] Level 5:colcon.colcon_core.verb:set package 'jmu_bigbot' build argument 'catkin_cmake_args' from command line to 'None'
[0.278s] Level 5:colcon.colcon_core.verb:set package 'jmu_bigbot' build argument 'catkin_skip_building_tests' from command line to 'False'
[0.278s] DEBUG:colcon.colcon_core.verb:Building package 'jmu_bigbot' with the following arguments: {'ament_cmake_args': None, 'build_base': '/home/roboclub/dev_ws/build/jmu_bigbot', 'catkin_cmake_args': None, 'catkin_skip_building_tests': False, 'cmake_args': None, 'cmake_clean_cache': False, 'cmake_clean_first': False, 'cmake_force_configure': False, 'cmake_target': None, 'cmake_target_skip_unavailable': False, 'install_base': '/home/roboclub/dev_ws/install/jmu_bigbot', 'merge_install': False, 'path': '/home/roboclub/dev_ws/src/jmu_bigbot', 'symlink_install': False, 'test_result_base': None}
[0.278s] INFO:colcon.colcon_core.executor:Executing jobs using 'parallel' executor
[0.280s] DEBUG:colcon.colcon_parallel_executor.executor.parallel:run_until_complete
[0.280s] INFO:colcon.colcon_ros.task.ament_python.build:Building ROS package in '/home/roboclub/dev_ws/src/jmu_bigbot' with build type 'ament_python'
[0.280s] Level 1:colcon.colcon_core.shell:create_environment_hook('jmu_bigbot', 'ament_prefix_path')
[0.283s] INFO:colcon.colcon_core.plugin_system:Skipping extension 'colcon_core.shell.bat': Not used on non-Windows systems
[0.283s] INFO:colcon.colcon_core.shell:Creating environment hook '/home/roboclub/dev_ws/install/jmu_bigbot/share/jmu_bigbot/hook/ament_prefix_path.ps1'
[0.283s] INFO:colcon.colcon_core.shell:Creating environment descriptor '/home/roboclub/dev_ws/install/jmu_bigbot/share/jmu_bigbot/hook/ament_prefix_path.dsv'
[0.283s] INFO:colcon.colcon_core.shell:Creating environment hook '/home/roboclub/dev_ws/install/jmu_bigbot/share/jmu_bigbot/hook/ament_prefix_path.sh'
[0.284s] INFO:colcon.colcon_core.shell:Skip shell extension 'powershell' for command environment: Not usable outside of PowerShell
[0.284s] DEBUG:colcon.colcon_core.shell:Skip shell extension 'dsv' for command environment
[0.434s] INFO:colcon.colcon_core.task.python.build:Building Python package in '/home/roboclub/dev_ws/src/jmu_bigbot'
[0.435s] INFO:colcon.colcon_core.shell:Skip shell extension 'powershell' for command environment: Not usable outside of PowerShell
[0.435s] DEBUG:colcon.colcon_core.shell:Skip shell extension 'dsv' for command environment
[0.626s] DEBUG:colcon.colcon_core.event_handler.log_command:Invoking command in '/home/roboclub/dev_ws/src/jmu_bigbot': PYTHONPATH=/home/roboclub/dev_ws/build/jmu_bigbot/prefix_override:/home/roboclub/dev_ws/install/jmu_bigbot/lib/python3.10/site-packages:${PYTHONPATH} /usr/bin/python3 setup.py egg_info --egg-base ../../build/jmu_bigbot build --build-base /home/roboclub/dev_ws/build/jmu_bigbot/build install --record /home/roboclub/dev_ws/build/jmu_bigbot/install.log --single-version-externally-managed
[0.789s] DEBUG:colcon.colcon_core.event_handler.log_command:Invoked command in '/home/roboclub/dev_ws/src/jmu_bigbot' returned '0': PYTHONPATH=/home/roboclub/dev_ws/build/jmu_bigbot/prefix_override:/home/roboclub/dev_ws/install/jmu_bigbot/lib/python3.10/site-packages:${PYTHONPATH} /usr/bin/python3 setup.py egg_info --egg-base ../../build/jmu_bigbot build --build-base /home/roboclub/dev_ws/build/jmu_bigbot/build install --record /home/roboclub/dev_ws/build/jmu_bigbot/install.log --single-version-externally-managed
[0.792s] Level 1:colcon.colcon_core.environment:checking '/home/roboclub/dev_ws/install/jmu_bigbot' for CMake module files
[0.792s] Level 1:colcon.colcon_core.environment:checking '/home/roboclub/dev_ws/install/jmu_bigbot' for CMake config files
[0.793s] Level 1:colcon.colcon_core.environment:checking '/home/roboclub/dev_ws/install/jmu_bigbot/lib'
[0.793s] Level 1:colcon.colcon_core.environment:checking '/home/roboclub/dev_ws/install/jmu_bigbot/bin'
[0.793s] Level 1:colcon.colcon_core.environment:checking '/home/roboclub/dev_ws/install/jmu_bigbot/lib/pkgconfig/jmu_bigbot.pc'
[0.793s] Level 1:colcon.colcon_core.environment:checking '/home/roboclub/dev_ws/install/jmu_bigbot/lib/python3.10/site-packages'
[0.793s] Level 1:colcon.colcon_core.shell:create_environment_hook('jmu_bigbot', 'pythonpath')
[0.794s] INFO:colcon.colcon_core.shell:Creating environment hook '/home/roboclub/dev_ws/install/jmu_bigbot/share/jmu_bigbot/hook/pythonpath.ps1'
[0.794s] INFO:colcon.colcon_core.shell:Creating environment descriptor '/home/roboclub/dev_ws/install/jmu_bigbot/share/jmu_bigbot/hook/pythonpath.dsv'
[0.794s] INFO:colcon.colcon_core.shell:Creating environment hook '/home/roboclub/dev_ws/install/jmu_bigbot/share/jmu_bigbot/hook/pythonpath.sh'
[0.794s] Level 1:colcon.colcon_core.environment:checking '/home/roboclub/dev_ws/install/jmu_bigbot/bin'
[0.794s] Level 1:colcon.colcon_core.environment:create_environment_scripts_only(jmu_bigbot)
[0.795s] INFO:colcon.colcon_core.shell:Creating package script '/home/roboclub/dev_ws/install/jmu_bigbot/share/jmu_bigbot/package.ps1'
[0.796s] INFO:colcon.colcon_core.shell:Creating package descriptor '/home/roboclub/dev_ws/install/jmu_bigbot/share/jmu_bigbot/package.dsv'
[0.796s] INFO:colcon.colcon_core.shell:Creating package script '/home/roboclub/dev_ws/install/jmu_bigbot/share/jmu_bigbot/package.sh'
[0.796s] INFO:colcon.colcon_core.shell:Creating package script '/home/roboclub/dev_ws/install/jmu_bigbot/share/jmu_bigbot/package.bash'
[0.797s] INFO:colcon.colcon_core.shell:Creating package script '/home/roboclub/dev_ws/install/jmu_bigbot/share/jmu_bigbot/package.zsh'
[0.797s] Level 1:colcon.colcon_core.environment:create_file_with_runtime_dependencies(/home/roboclub/dev_ws/install/jmu_bigbot/share/colcon-core/packages/jmu_bigbot)
[0.797s] DEBUG:colcon.colcon_parallel_executor.executor.parallel:closing loop
[0.797s] DEBUG:colcon.colcon_parallel_executor.executor.parallel:loop closed
[0.797s] DEBUG:colcon.colcon_parallel_executor.executor.parallel:run_until_complete finished with '0'
[0.797s] DEBUG:colcon.colcon_core.event_reactor:joining thread
[0.801s] INFO:colcon.colcon_core.plugin_system:Skipping extension 'colcon_notification.desktop_notification.terminal_notifier': Not used on non-Darwin systems
[0.801s] INFO:colcon.colcon_core.plugin_system:Skipping extension 'colcon_notification.desktop_notification.win32': Not used on non-Windows systems
[0.801s] INFO:colcon.colcon_notification.desktop_notification:Sending desktop notification using 'notify2'
[0.811s] DEBUG:colcon.colcon_core.event_reactor:joined thread
[0.813s] INFO:colcon.colcon_core.shell:Creating prefix script '/home/roboclub/dev_ws/install/local_setup.ps1'
[0.813s] INFO:colcon.colcon_core.shell:Creating prefix util module '/home/roboclub/dev_ws/install/_local_setup_util_ps1.py'
[0.814s] INFO:colcon.colcon_core.shell:Creating prefix chain script '/home/roboclub/dev_ws/install/setup.ps1'
[0.815s] INFO:colcon.colcon_core.shell:Creating prefix script '/home/roboclub/dev_ws/install/local_setup.sh'
[0.816s] INFO:colcon.colcon_core.shell:Creating prefix util module '/home/roboclub/dev_ws/install/_local_setup_util_sh.py'
[0.816s] INFO:colcon.colcon_core.shell:Creating prefix chain script '/home/roboclub/dev_ws/install/setup.sh'
[0.817s] INFO:colcon.colcon_core.shell:Creating prefix script '/home/roboclub/dev_ws/install/local_setup.bash'
[0.817s] INFO:colcon.colcon_core.shell:Creating prefix chain script '/home/roboclub/dev_ws/install/setup.bash'
[0.818s] INFO:colcon.colcon_core.shell:Creating prefix script '/home/roboclub/dev_ws/install/local_setup.zsh'
[0.819s] INFO:colcon.colcon_core.shell:Creating prefix chain script '/home/roboclub/dev_ws/install/setup.zsh'
