[0.221s] DEBUG:colcon:Command line arguments: ['/usr/bin/colcon', 'build', '--symlink-install']
[0.221s] DEBUG:colcon:Parsed command line arguments: Namespace(log_base=None, log_level=None, verb_name='build', build_base='build', install_base='install', merge_install=False, symlink_install=True, test_result_base=None, continue_on_error=False, executor='parallel', parallel_workers=16, event_handlers=None, ignore_user_meta=False, metas=['./colcon.meta'], base_paths=['.'], packages_ignore=None, packages_ignore_regex=None, paths=None, packages_up_to=None, packages_up_to_regex=None, packages_above=None, packages_above_and_dependencies=None, packages_above_depth=None, packages_select_by_dep=None, packages_skip_by_dep=None, packages_skip_up_to=None, packages_select_build_failed=False, packages_skip_build_finished=False, packages_select_test_failures=False, packages_skip_test_passed=False, packages_select=None, packages_skip=None, packages_select_regex=None, packages_skip_regex=None, packages_start=None, packages_end=None, allow_overriding=[], cmake_args=None, cmake_target=None, cmake_target_skip_unavailable=False, cmake_clean_cache=False, cmake_clean_first=False, cmake_force_configure=False, ament_cmake_args=None, catkin_cmake_args=None, catkin_skip_building_tests=False, verb_parser=<colcon_defaults.argument_parser.defaults.DefaultArgumentsDecorator object at 0x7f5a9f7cbd60>, verb_extension=<colcon_core.verb.build.BuildVerb object at 0x7f5aa003cb80>, main=<bound method BuildVerb.main of <colcon_core.verb.build.BuildVerb object at 0x7f5aa003cb80>>)
[0.243s] Level 1:colcon.colcon_core.package_discovery:discover_packages(colcon_meta) check parameters
[0.243s] Level 1:colcon.colcon_core.package_discovery:discover_packages(recursive) check parameters
[0.243s] Level 1:colcon.colcon_core.package_discovery:discover_packages(ignore) check parameters
[0.244s] Level 1:colcon.colcon_core.package_discovery:discover_packages(path) check parameters
[0.244s] Level 1:colcon.colcon_core.package_discovery:discover_packages(colcon_meta) discover
[0.244s] Level 1:colcon.colcon_core.package_discovery:discover_packages(recursive) discover
[0.244s] INFO:colcon.colcon_core.package_discovery:Crawling recursively for packages in '/home/roboclub/dev_ws'
[0.244s] Level 1:colcon.colcon_core.package_identification:_identify(.) by extensions ['ignore', 'ignore_ament_install']
[0.244s] Level 1:colcon.colcon_core.package_identification:_identify(.) by extension 'ignore'
[0.244s] Level 1:colcon.colcon_core.package_identification:_identify(.) by extension 'ignore_ament_install'
[0.244s] Level 1:colcon.colcon_core.package_identification:_identify(.) by extensions ['colcon_pkg']
[0.244s] Level 1:colcon.colcon_core.package_identification:_identify(.) by extension 'colcon_pkg'
[0.244s] Level 1:colcon.colcon_core.package_identification:_identify(.) by extensions ['colcon_meta']
[0.244s] Level 1:colcon.colcon_core.package_identification:_identify(.) by extension 'colcon_meta'
[0.244s] Level 1:colcon.colcon_core.package_identification:_identify(.) by extensions ['ros']
[0.244s] Level 1:colcon.colcon_core.package_identification:_identify(.) by extension 'ros'
[0.252s] Level 1:colcon.colcon_core.package_identification:_identify(.) by extensions ['cmake', 'python']
[0.252s] Level 1:colcon.colcon_core.package_identification:_identify(.) by extension 'cmake'
[0.252s] Level 1:colcon.colcon_core.package_identification:_identify(.) by extension 'python'
[0.252s] Level 1:colcon.colcon_core.package_identification:_identify(.) by extensions ['python_setup_py']
[0.252s] Level 1:colcon.colcon_core.package_identification:_identify(.) by extension 'python_setup_py'
[0.253s] Level 1:colcon.colcon_core.package_identification:_identify(build) by extensions ['ignore', 'ignore_ament_install']
[0.253s] Level 1:colcon.colcon_core.package_identification:_identify(build) by extension 'ignore'
[0.253s] Level 1:colcon.colcon_core.package_identification:_identify(build) ignored
[0.253s] Level 1:colcon.colcon_core.package_identification:_identify(install) by extensions ['ignore', 'ignore_ament_install']
[0.253s] Level 1:colcon.colcon_core.package_identification:_identify(install) by extension 'ignore'
[0.253s] Level 1:colcon.colcon_core.package_identification:_identify(install) ignored
[0.253s] Level 1:colcon.colcon_core.package_identification:_identify(log) by extensions ['ignore', 'ignore_ament_install']
[0.253s] Level 1:colcon.colcon_core.package_identification:_identify(log) by extension 'ignore'
[0.253s] Level 1:colcon.colcon_core.package_identification:_identify(log) ignored
[0.253s] Level 1:colcon.colcon_core.package_identification:_identify(src) by extensions ['ignore', 'ignore_ament_install']
[0.253s] Level 1:colcon.colcon_core.package_identification:_identify(src) by extension 'ignore'
[0.253s] Level 1:colcon.colcon_core.package_identification:_identify(src) by extension 'ignore_ament_install'
[0.253s] Level 1:colcon.colcon_core.package_identification:_identify(src) by extensions ['colcon_pkg']
[0.253s] Level 1:colcon.colcon_core.package_identification:_identify(src) by extension 'colcon_pkg'
[0.253s] Level 1:colcon.colcon_core.package_identification:_identify(src) by extensions ['colcon_meta']
[0.253s] Level 1:colcon.colcon_core.package_identification:_identify(src) by extension 'colcon_meta'
[0.253s] Level 1:colcon.colcon_core.package_identification:_identify(src) by extensions ['ros']
[0.253s] Level 1:colcon.colcon_core.package_identification:_identify(src) by extension 'ros'
[0.253s] Level 1:colcon.colcon_core.package_identification:_identify(src) by extensions ['cmake', 'python']
[0.253s] Level 1:colcon.colcon_core.package_identification:_identify(src) by extension 'cmake'
[0.253s] Level 1:colcon.colcon_core.package_identification:_identify(src) by extension 'python'
[0.253s] Level 1:colcon.colcon_core.package_identification:_identify(src) by extensions ['python_setup_py']
[0.253s] Level 1:colcon.colcon_core.package_identification:_identify(src) by extension 'python_setup_py'
[0.253s] Level 1:colcon.colcon_core.package_identification:_identify(src/jmu_bigbot) by extensions ['ignore', 'ignore_ament_install']
[0.253s] Level 1:colcon.colcon_core.package_identification:_identify(src/jmu_bigbot) by extension 'ignore'
[0.253s] Level 1:colcon.colcon_core.package_identification:_identify(src/jmu_bigbot) by extension 'ignore_ament_install'
[0.253s] Level 1:colcon.colcon_core.package_identification:_identify(src/jmu_bigbot) by extensions ['colcon_pkg']
[0.253s] Level 1:colcon.colcon_core.package_identification:_identify(src/jmu_bigbot) by extension 'colcon_pkg'
[0.254s] Level 1:colcon.colcon_core.package_identification:_identify(src/jmu_bigbot) by extensions ['colcon_meta']
[0.254s] Level 1:colcon.colcon_core.package_identification:_identify(src/jmu_bigbot) by extension 'colcon_meta'
[0.254s] Level 1:colcon.colcon_core.package_identification:_identify(src/jmu_bigbot) by extensions ['ros']
[0.254s] Level 1:colcon.colcon_core.package_identification:_identify(src/jmu_bigbot) by extension 'ros'
[0.255s] DEBUG:colcon.colcon_core.package_identification:Package 'src/jmu_bigbot' with type 'ros.ament_python' and name 'jmu_bigbot'
[0.255s] Level 1:colcon.colcon_core.package_identification:_identify(src/urg_node2) by extensions ['ignore', 'ignore_ament_install']
[0.255s] Level 1:colcon.colcon_core.package_identification:_identify(src/urg_node2) by extension 'ignore'
[0.255s] Level 1:colcon.colcon_core.package_identification:_identify(src/urg_node2) by extension 'ignore_ament_install'
[0.255s] Level 1:colcon.colcon_core.package_identification:_identify(src/urg_node2) by extensions ['colcon_pkg']
[0.255s] Level 1:colcon.colcon_core.package_identification:_identify(src/urg_node2) by extension 'colcon_pkg'
[0.255s] Level 1:colcon.colcon_core.package_identification:_identify(src/urg_node2) by extensions ['colcon_meta']
[0.255s] Level 1:colcon.colcon_core.package_identification:_identify(src/urg_node2) by extension 'colcon_meta'
[0.255s] Level 1:colcon.colcon_core.package_identification:_identify(src/urg_node2) by extensions ['ros']
[0.255s] Level 1:colcon.colcon_core.package_identification:_identify(src/urg_node2) by extension 'ros'
[0.256s] DEBUG:colcon.colcon_core.package_identification:Package 'src/urg_node2' with type 'ros.ament_cmake' and name 'urg_node2'
[0.256s] Level 1:colcon.colcon_core.package_discovery:discover_packages(recursive) using defaults
[0.256s] Level 1:colcon.colcon_core.package_discovery:discover_packages(ignore) discover
[0.256s] Level 1:colcon.colcon_core.package_discovery:discover_packages(ignore) using defaults
[0.256s] Level 1:colcon.colcon_core.package_discovery:discover_packages(path) discover
[0.256s] Level 1:colcon.colcon_core.package_discovery:discover_packages(path) using defaults
[0.274s] Level 1:colcon.colcon_core.package_discovery:discover_packages(prefix_path) check parameters
[0.274s] Level 1:colcon.colcon_core.package_discovery:discover_packages(prefix_path) discover
[0.276s] DEBUG:colcon.colcon_installed_package_information.package_discovery:Found 2 installed packages in /home/roboclub/dev_ws/install
[0.276s] DEBUG:colcon.colcon_installed_package_information.package_discovery:Found 3 installed packages in /home/roboclub/rover_workspace/install
[0.277s] DEBUG:colcon.colcon_installed_package_information.package_discovery:Found 3 installed packages in /home/roboclub/turtlebot3_ws/install
[0.278s] DEBUG:colcon.colcon_installed_package_information.package_discovery:Found 281 installed packages in /opt/ros/humble
[0.278s] Level 1:colcon.colcon_core.package_discovery:discover_packages(prefix_path) using defaults
[0.318s] Level 5:colcon.colcon_core.verb:set package 'jmu_bigbot' build argument 'cmake_args' from command line to 'None'
[0.318s] Level 5:colcon.colcon_core.verb:set package 'jmu_bigbot' build argument 'cmake_target' from command line to 'None'
[0.318s] Level 5:colcon.colcon_core.verb:set package 'jmu_bigbot' build argument 'cmake_target_skip_unavailable' from command line to 'False'
[0.318s] Level 5:colcon.colcon_core.verb:set package 'jmu_bigbot' build argument 'cmake_clean_cache' from command line to 'False'
[0.318s] Level 5:colcon.colcon_core.verb:set package 'jmu_bigbot' build argument 'cmake_clean_first' from command line to 'False'
[0.318s] Level 5:colcon.colcon_core.verb:set package 'jmu_bigbot' build argument 'cmake_force_configure' from command line to 'False'
[0.318s] Level 5:colcon.colcon_core.verb:set package 'jmu_bigbot' build argument 'ament_cmake_args' from command line to 'None'
[0.318s] Level 5:colcon.colcon_core.verb:set package 'jmu_bigbot' build argument 'catkin_cmake_args' from command line to 'None'
[0.318s] Level 5:colcon.colcon_core.verb:set package 'jmu_bigbot' build argument 'catkin_skip_building_tests' from command line to 'False'
[0.318s] DEBUG:colcon.colcon_core.verb:Building package 'jmu_bigbot' with the following arguments: {'ament_cmake_args': None, 'build_base': '/home/roboclub/dev_ws/build/jmu_bigbot', 'catkin_cmake_args': None, 'catkin_skip_building_tests': False, 'cmake_args': None, 'cmake_clean_cache': False, 'cmake_clean_first': False, 'cmake_force_configure': False, 'cmake_target': None, 'cmake_target_skip_unavailable': False, 'install_base': '/home/roboclub/dev_ws/install/jmu_bigbot', 'merge_install': False, 'path': '/home/roboclub/dev_ws/src/jmu_bigbot', 'symlink_install': True, 'test_result_base': None}
[0.319s] Level 5:colcon.colcon_core.verb:set package 'urg_node2' build argument 'cmake_args' from command line to 'None'
[0.319s] Level 5:colcon.colcon_core.verb:set package 'urg_node2' build argument 'cmake_target' from command line to 'None'
[0.319s] Level 5:colcon.colcon_core.verb:set package 'urg_node2' build argument 'cmake_target_skip_unavailable' from command line to 'False'
[0.319s] Level 5:colcon.colcon_core.verb:set package 'urg_node2' build argument 'cmake_clean_cache' from command line to 'False'
[0.319s] Level 5:colcon.colcon_core.verb:set package 'urg_node2' build argument 'cmake_clean_first' from command line to 'False'
[0.319s] Level 5:colcon.colcon_core.verb:set package 'urg_node2' build argument 'cmake_force_configure' from command line to 'False'
[0.319s] Level 5:colcon.colcon_core.verb:set package 'urg_node2' build argument 'ament_cmake_args' from command line to 'None'
[0.319s] Level 5:colcon.colcon_core.verb:set package 'urg_node2' build argument 'catkin_cmake_args' from command line to 'None'
[0.319s] Level 5:colcon.colcon_core.verb:set package 'urg_node2' build argument 'catkin_skip_building_tests' from command line to 'False'
[0.319s] DEBUG:colcon.colcon_core.verb:Building package 'urg_node2' with the following arguments: {'ament_cmake_args': None, 'build_base': '/home/roboclub/dev_ws/build/urg_node2', 'catkin_cmake_args': None, 'catkin_skip_building_tests': False, 'cmake_args': None, 'cmake_clean_cache': False, 'cmake_clean_first': False, 'cmake_force_configure': False, 'cmake_target': None, 'cmake_target_skip_unavailable': False, 'install_base': '/home/roboclub/dev_ws/install/urg_node2', 'merge_install': False, 'path': '/home/roboclub/dev_ws/src/urg_node2', 'symlink_install': True, 'test_result_base': None}
[0.320s] INFO:colcon.colcon_core.executor:Executing jobs using 'parallel' executor
[0.322s] DEBUG:colcon.colcon_parallel_executor.executor.parallel:run_until_complete
[0.322s] INFO:colcon.colcon_ros.task.ament_python.build:Building ROS package in '/home/roboclub/dev_ws/src/jmu_bigbot' with build type 'ament_python'
[0.322s] Level 1:colcon.colcon_core.shell:create_environment_hook('jmu_bigbot', 'ament_prefix_path')
[0.326s] INFO:colcon.colcon_core.plugin_system:Skipping extension 'colcon_core.shell.bat': Not used on non-Windows systems
[0.326s] INFO:colcon.colcon_core.shell:Creating environment hook '/home/roboclub/dev_ws/install/jmu_bigbot/share/jmu_bigbot/hook/ament_prefix_path.ps1'
[0.326s] INFO:colcon.colcon_core.shell:Creating environment descriptor '/home/roboclub/dev_ws/install/jmu_bigbot/share/jmu_bigbot/hook/ament_prefix_path.dsv'
[0.326s] INFO:colcon.colcon_core.shell:Creating environment hook '/home/roboclub/dev_ws/install/jmu_bigbot/share/jmu_bigbot/hook/ament_prefix_path.sh'
[0.328s] INFO:colcon.colcon_core.shell:Skip shell extension 'powershell' for command environment: Not usable outside of PowerShell
[0.328s] DEBUG:colcon.colcon_core.shell:Skip shell extension 'dsv' for command environment
[0.333s] INFO:colcon.colcon_ros.task.ament_cmake.build:Building ROS package in '/home/roboclub/dev_ws/src/urg_node2' with build type 'ament_cmake'
[0.333s] INFO:colcon.colcon_cmake.task.cmake.build:Building CMake package in '/home/roboclub/dev_ws/src/urg_node2'
[0.334s] INFO:colcon.colcon_core.shell:Skip shell extension 'powershell' for command environment: Not usable outside of PowerShell
[0.334s] DEBUG:colcon.colcon_core.shell:Skip shell extension 'dsv' for command environment
[0.510s] INFO:colcon.colcon_core.task.python.build:Building Python package in '/home/roboclub/dev_ws/src/jmu_bigbot'
[0.511s] INFO:colcon.colcon_core.shell:Skip shell extension 'powershell' for command environment: Not usable outside of PowerShell
[0.511s] DEBUG:colcon.colcon_core.shell:Skip shell extension 'dsv' for command environment
[0.520s] DEBUG:colcon.colcon_core.event_handler.log_command:Invoking command in '/home/roboclub/dev_ws/build/urg_node2': CMAKE_PREFIX_PATH=${CMAKE_PREFIX_PATH}:/home/roboclub/turtlebot3_ws/install/jmu_turtlebot3_bringup:/opt/ros/humble /usr/bin/cmake --build /home/roboclub/dev_ws/build/urg_node2 -- -j16 -l16
[0.598s] DEBUG:colcon.colcon_core.event_handler.log_command:Invoked command in '/home/roboclub/dev_ws/build/urg_node2' returned '0': CMAKE_PREFIX_PATH=${CMAKE_PREFIX_PATH}:/home/roboclub/turtlebot3_ws/install/jmu_turtlebot3_bringup:/opt/ros/humble /usr/bin/cmake --build /home/roboclub/dev_ws/build/urg_node2 -- -j16 -l16
[0.663s] DEBUG:colcon.colcon_core.event_handler.log_command:Invoking command in '/home/roboclub/dev_ws/build/urg_node2': CMAKE_PREFIX_PATH=${CMAKE_PREFIX_PATH}:/home/roboclub/turtlebot3_ws/install/jmu_turtlebot3_bringup:/opt/ros/humble /usr/bin/cmake --install /home/roboclub/dev_ws/build/urg_node2
[0.680s] Level 1:colcon.colcon_core.environment:create_environment_scripts_only(urg_node2)
[0.681s] DEBUG:colcon.colcon_core.event_handler.log_command:Invoked command in '/home/roboclub/dev_ws/build/urg_node2' returned '0': CMAKE_PREFIX_PATH=${CMAKE_PREFIX_PATH}:/home/roboclub/turtlebot3_ws/install/jmu_turtlebot3_bringup:/opt/ros/humble /usr/bin/cmake --install /home/roboclub/dev_ws/build/urg_node2
[0.685s] Level 1:colcon.colcon_core.environment:checking '/home/roboclub/dev_ws/install/urg_node2' for CMake module files
[0.686s] Level 1:colcon.colcon_core.environment:checking '/home/roboclub/dev_ws/install/urg_node2' for CMake config files
[0.686s] Level 1:colcon.colcon_core.shell:create_environment_hook('urg_node2', 'cmake_prefix_path')
[0.687s] INFO:colcon.colcon_core.shell:Creating environment hook '/home/roboclub/dev_ws/install/urg_node2/share/urg_node2/hook/cmake_prefix_path.ps1'
[0.687s] INFO:colcon.colcon_core.shell:Creating environment descriptor '/home/roboclub/dev_ws/install/urg_node2/share/urg_node2/hook/cmake_prefix_path.dsv'
[0.687s] INFO:colcon.colcon_core.shell:Creating environment hook '/home/roboclub/dev_ws/install/urg_node2/share/urg_node2/hook/cmake_prefix_path.sh'
[0.688s] Level 1:colcon.colcon_core.environment:checking '/home/roboclub/dev_ws/install/urg_node2/lib'
[0.688s] Level 1:colcon.colcon_core.shell:create_environment_hook('urg_node2', 'ld_library_path_lib')
[0.689s] INFO:colcon.colcon_core.shell:Creating environment hook '/home/roboclub/dev_ws/install/urg_node2/share/urg_node2/hook/ld_library_path_lib.ps1'
[0.689s] INFO:colcon.colcon_core.shell:Creating environment descriptor '/home/roboclub/dev_ws/install/urg_node2/share/urg_node2/hook/ld_library_path_lib.dsv'
[0.689s] INFO:colcon.colcon_core.shell:Creating environment hook '/home/roboclub/dev_ws/install/urg_node2/share/urg_node2/hook/ld_library_path_lib.sh'
[0.690s] Level 1:colcon.colcon_core.environment:checking '/home/roboclub/dev_ws/install/urg_node2/bin'
[0.690s] Level 1:colcon.colcon_core.environment:checking '/home/roboclub/dev_ws/install/urg_node2/lib/pkgconfig/urg_node2.pc'
[0.690s] Level 1:colcon.colcon_core.environment:checking '/home/roboclub/dev_ws/install/urg_node2/lib/python3.10/site-packages'
[0.690s] Level 1:colcon.colcon_core.environment:checking '/home/roboclub/dev_ws/install/urg_node2/bin'
[0.691s] INFO:colcon.colcon_core.shell:Creating package script '/home/roboclub/dev_ws/install/urg_node2/share/urg_node2/package.ps1'
[0.692s] INFO:colcon.colcon_core.shell:Creating package descriptor '/home/roboclub/dev_ws/install/urg_node2/share/urg_node2/package.dsv'
[0.692s] INFO:colcon.colcon_core.shell:Creating package script '/home/roboclub/dev_ws/install/urg_node2/share/urg_node2/package.sh'
[0.692s] INFO:colcon.colcon_core.shell:Creating package script '/home/roboclub/dev_ws/install/urg_node2/share/urg_node2/package.bash'
[0.693s] INFO:colcon.colcon_core.shell:Creating package script '/home/roboclub/dev_ws/install/urg_node2/share/urg_node2/package.zsh'
[0.693s] Level 1:colcon.colcon_core.environment:create_file_with_runtime_dependencies(/home/roboclub/dev_ws/install/urg_node2/share/colcon-core/packages/urg_node2)
[0.748s] Level 1:colcon.colcon_core.environment:create_environment_scripts_only(urg_node2)
[0.750s] Level 1:colcon.colcon_core.environment:checking '/home/roboclub/dev_ws/install/urg_node2' for CMake module files
[0.751s] Level 1:colcon.colcon_core.environment:checking '/home/roboclub/dev_ws/install/urg_node2' for CMake config files
[0.751s] Level 1:colcon.colcon_core.shell:create_environment_hook('urg_node2', 'cmake_prefix_path')
[0.752s] INFO:colcon.colcon_core.shell:Creating environment hook '/home/roboclub/dev_ws/install/urg_node2/share/urg_node2/hook/cmake_prefix_path.ps1'
[0.752s] INFO:colcon.colcon_core.shell:Creating environment descriptor '/home/roboclub/dev_ws/install/urg_node2/share/urg_node2/hook/cmake_prefix_path.dsv'
[0.753s] INFO:colcon.colcon_core.shell:Creating environment hook '/home/roboclub/dev_ws/install/urg_node2/share/urg_node2/hook/cmake_prefix_path.sh'
[0.753s] Level 1:colcon.colcon_core.environment:checking '/home/roboclub/dev_ws/install/urg_node2/lib'
[0.753s] Level 1:colcon.colcon_core.shell:create_environment_hook('urg_node2', 'ld_library_path_lib')
[0.754s] INFO:colcon.colcon_core.shell:Creating environment hook '/home/roboclub/dev_ws/install/urg_node2/share/urg_node2/hook/ld_library_path_lib.ps1'
[0.754s] INFO:colcon.colcon_core.shell:Creating environment descriptor '/home/roboclub/dev_ws/install/urg_node2/share/urg_node2/hook/ld_library_path_lib.dsv'
[0.754s] INFO:colcon.colcon_core.shell:Creating environment hook '/home/roboclub/dev_ws/install/urg_node2/share/urg_node2/hook/ld_library_path_lib.sh'
[0.755s] Level 1:colcon.colcon_core.environment:checking '/home/roboclub/dev_ws/install/urg_node2/bin'
[0.755s] Level 1:colcon.colcon_core.environment:checking '/home/roboclub/dev_ws/install/urg_node2/lib/pkgconfig/urg_node2.pc'
[0.755s] Level 1:colcon.colcon_core.environment:checking '/home/roboclub/dev_ws/install/urg_node2/lib/python3.10/site-packages'
[0.755s] Level 1:colcon.colcon_core.environment:checking '/home/roboclub/dev_ws/install/urg_node2/bin'
[0.756s] INFO:colcon.colcon_core.shell:Creating package script '/home/roboclub/dev_ws/install/urg_node2/share/urg_node2/package.ps1'
[0.757s] INFO:colcon.colcon_core.shell:Creating package descriptor '/home/roboclub/dev_ws/install/urg_node2/share/urg_node2/package.dsv'
[0.757s] INFO:colcon.colcon_core.shell:Creating package script '/home/roboclub/dev_ws/install/urg_node2/share/urg_node2/package.sh'
[0.757s] INFO:colcon.colcon_core.shell:Creating package script '/home/roboclub/dev_ws/install/urg_node2/share/urg_node2/package.bash'
[0.757s] INFO:colcon.colcon_core.shell:Creating package script '/home/roboclub/dev_ws/install/urg_node2/share/urg_node2/package.zsh'
[0.758s] Level 1:colcon.colcon_core.environment:create_file_with_runtime_dependencies(/home/roboclub/dev_ws/install/urg_node2/share/colcon-core/packages/urg_node2)
[0.781s] DEBUG:colcon.colcon_core.task.python.build:While undoing a previous installation files outside the Python library path are being ignored: /home/roboclub/dev_ws/install/jmu_bigbot/share/ament_index/resource_index/packages/jmu_bigbot
[0.781s] DEBUG:colcon.colcon_core.task.python.build:While undoing a previous installation files outside the Python library path are being ignored: /home/roboclub/dev_ws/install/jmu_bigbot/share/jmu_bigbot/package.xml
[0.784s] DEBUG:colcon.colcon_core.event_handler.log_command:Invoking command in '/home/roboclub/dev_ws/build/jmu_bigbot': PYTHONPATH=/home/roboclub/dev_ws/build/jmu_bigbot/prefix_override:/home/roboclub/dev_ws/install/jmu_bigbot/lib/python3.10/site-packages:${PYTHONPATH} /usr/bin/python3 setup.py develop --editable --build-directory /home/roboclub/dev_ws/build/jmu_bigbot/build --no-deps install_data
[1.099s] Level 1:colcon.colcon_core.shell:create_environment_hook('jmu_bigbot', 'pythonpath_develop')
[1.100s] INFO:colcon.colcon_core.shell:Creating environment hook '/home/roboclub/dev_ws/build/jmu_bigbot/share/jmu_bigbot/hook/pythonpath_develop.ps1'
[1.101s] DEBUG:colcon.colcon_core.event_handler.log_command:Invoked command in '/home/roboclub/dev_ws/build/jmu_bigbot' returned '0': PYTHONPATH=/home/roboclub/dev_ws/build/jmu_bigbot/prefix_override:/home/roboclub/dev_ws/install/jmu_bigbot/lib/python3.10/site-packages:${PYTHONPATH} /usr/bin/python3 setup.py develop --editable --build-directory /home/roboclub/dev_ws/build/jmu_bigbot/build --no-deps install_data
[1.102s] INFO:colcon.colcon_core.shell:Creating environment descriptor '/home/roboclub/dev_ws/build/jmu_bigbot/share/jmu_bigbot/hook/pythonpath_develop.dsv'
[1.102s] INFO:colcon.colcon_core.shell:Creating environment hook '/home/roboclub/dev_ws/build/jmu_bigbot/share/jmu_bigbot/hook/pythonpath_develop.sh'
[1.104s] Level 1:colcon.colcon_core.environment:checking '/home/roboclub/dev_ws/install/jmu_bigbot' for CMake module files
[1.104s] Level 1:colcon.colcon_core.environment:checking '/home/roboclub/dev_ws/install/jmu_bigbot' for CMake config files
[1.104s] Level 1:colcon.colcon_core.environment:checking '/home/roboclub/dev_ws/install/jmu_bigbot/lib'
[1.104s] Level 1:colcon.colcon_core.environment:checking '/home/roboclub/dev_ws/install/jmu_bigbot/bin'
[1.104s] Level 1:colcon.colcon_core.environment:checking '/home/roboclub/dev_ws/install/jmu_bigbot/lib/pkgconfig/jmu_bigbot.pc'
[1.104s] Level 1:colcon.colcon_core.environment:checking '/home/roboclub/dev_ws/install/jmu_bigbot/lib/python3.10/site-packages'
[1.104s] Level 1:colcon.colcon_core.shell:create_environment_hook('jmu_bigbot', 'pythonpath')
[1.105s] INFO:colcon.colcon_core.shell:Creating environment hook '/home/roboclub/dev_ws/install/jmu_bigbot/share/jmu_bigbot/hook/pythonpath.ps1'
[1.105s] INFO:colcon.colcon_core.shell:Creating environment descriptor '/home/roboclub/dev_ws/install/jmu_bigbot/share/jmu_bigbot/hook/pythonpath.dsv'
[1.106s] INFO:colcon.colcon_core.shell:Creating environment hook '/home/roboclub/dev_ws/install/jmu_bigbot/share/jmu_bigbot/hook/pythonpath.sh'
[1.106s] Level 1:colcon.colcon_core.environment:checking '/home/roboclub/dev_ws/install/jmu_bigbot/bin'
[1.106s] Level 1:colcon.colcon_core.environment:create_environment_scripts_only(jmu_bigbot)
[1.107s] INFO:colcon.colcon_core.shell:Creating package script '/home/roboclub/dev_ws/install/jmu_bigbot/share/jmu_bigbot/package.ps1'
[1.107s] INFO:colcon.colcon_core.shell:Creating package descriptor '/home/roboclub/dev_ws/install/jmu_bigbot/share/jmu_bigbot/package.dsv'
[1.108s] INFO:colcon.colcon_core.shell:Creating package script '/home/roboclub/dev_ws/install/jmu_bigbot/share/jmu_bigbot/package.sh'
[1.108s] INFO:colcon.colcon_core.shell:Creating package script '/home/roboclub/dev_ws/install/jmu_bigbot/share/jmu_bigbot/package.bash'
[1.108s] INFO:colcon.colcon_core.shell:Creating package script '/home/roboclub/dev_ws/install/jmu_bigbot/share/jmu_bigbot/package.zsh'
[1.108s] Level 1:colcon.colcon_core.environment:create_file_with_runtime_dependencies(/home/roboclub/dev_ws/install/jmu_bigbot/share/colcon-core/packages/jmu_bigbot)
[1.108s] DEBUG:colcon.colcon_parallel_executor.executor.parallel:closing loop
[1.109s] DEBUG:colcon.colcon_parallel_executor.executor.parallel:loop closed
[1.109s] DEBUG:colcon.colcon_parallel_executor.executor.parallel:run_until_complete finished with '0'
[1.109s] DEBUG:colcon.colcon_core.event_reactor:joining thread
[1.113s] INFO:colcon.colcon_core.plugin_system:Skipping extension 'colcon_notification.desktop_notification.terminal_notifier': Not used on non-Darwin systems
[1.113s] INFO:colcon.colcon_core.plugin_system:Skipping extension 'colcon_notification.desktop_notification.win32': Not used on non-Windows systems
[1.114s] INFO:colcon.colcon_notification.desktop_notification:Sending desktop notification using 'notify2'
[1.125s] DEBUG:colcon.colcon_core.event_reactor:joined thread
[1.126s] INFO:colcon.colcon_core.shell:Creating prefix script '/home/roboclub/dev_ws/install/local_setup.ps1'
[1.126s] INFO:colcon.colcon_core.shell:Creating prefix util module '/home/roboclub/dev_ws/install/_local_setup_util_ps1.py'
[1.127s] INFO:colcon.colcon_core.shell:Creating prefix chain script '/home/roboclub/dev_ws/install/setup.ps1'
[1.128s] INFO:colcon.colcon_core.shell:Creating prefix script '/home/roboclub/dev_ws/install/local_setup.sh'
[1.129s] INFO:colcon.colcon_core.shell:Creating prefix util module '/home/roboclub/dev_ws/install/_local_setup_util_sh.py'
[1.129s] INFO:colcon.colcon_core.shell:Creating prefix chain script '/home/roboclub/dev_ws/install/setup.sh'
[1.130s] INFO:colcon.colcon_core.shell:Creating prefix script '/home/roboclub/dev_ws/install/local_setup.bash'
[1.130s] INFO:colcon.colcon_core.shell:Creating prefix chain script '/home/roboclub/dev_ws/install/setup.bash'
[1.131s] INFO:colcon.colcon_core.shell:Creating prefix script '/home/roboclub/dev_ws/install/local_setup.zsh'
[1.132s] INFO:colcon.colcon_core.shell:Creating prefix chain script '/home/roboclub/dev_ws/install/setup.zsh'
