[0.010s] Invoking command in '/home/roboclub/dev_ws/build/urg_node2': CMAKE_PREFIX_PATH=${CMAKE_PREFIX_PATH}:/opt/ros/humble /usr/bin/cmake /home/roboclub/dev_ws/src/urg_node2 -DAMENT_CMAKE_SYMLINK_INSTALL=1 -DCMAKE_INSTALL_PREFIX=/home/roboclub/dev_ws/install/urg_node2
[0.056s] -- The C compiler identification is GNU 11.3.0
[0.113s] -- The CXX compiler identification is GNU 11.3.0
[0.119s] -- Detecting C compiler ABI info
[0.182s] -- Detecting C compiler ABI info - done
[0.188s] -- Check for working C compiler: /usr/bin/cc - skipped
[0.188s] -- Detecting C compile features
[0.189s] -- Detecting C compile features - done
[0.192s] -- Detecting CXX compiler ABI info
[0.273s] -- Detecting CXX compiler ABI info - done
[0.279s] -- Check for working CXX compiler: /usr/bin/c++ - skipped
[0.280s] -- Detecting CXX compile features
[0.280s] -- Detecting CXX compile features - done
[0.282s] -- Found ament_cmake: 1.3.3 (/opt/ros/humble/share/ament_cmake/cmake)
[0.405s] -- Found Python3: /usr/bin/python3.10 (found version "3.10.6") found components: Interpreter 
[0.447s] -- Override CMake install command with custom implementation using symlinks instead of copying resources
[0.463s] -- Found rclcpp: 16.0.3 (/opt/ros/humble/share/rclcpp/cmake)
[0.493s] -- Found rosidl_generator_c: 3.1.4 (/opt/ros/humble/share/rosidl_generator_c/cmake)
[0.496s] -- Found rosidl_adapter: 3.1.4 (/opt/ros/humble/share/rosidl_adapter/cmake)
[0.502s] -- Found rosidl_generator_cpp: 3.1.4 (/opt/ros/humble/share/rosidl_generator_cpp/cmake)
[0.511s] -- Using all available rosidl_typesupport_c: rosidl_typesupport_fastrtps_c;rosidl_typesupport_introspection_c
[0.524s] -- Using all available rosidl_typesupport_cpp: rosidl_typesupport_fastrtps_cpp;rosidl_typesupport_introspection_cpp
[0.571s] -- Found rmw_implementation_cmake: 6.1.1 (/opt/ros/humble/share/rmw_implementation_cmake/cmake)
[0.572s] -- Found rmw_fastrtps_cpp: 6.2.2 (/opt/ros/humble/share/rmw_fastrtps_cpp/cmake)
[0.644s] -- Found OpenSSL: /usr/lib/x86_64-linux-gnu/libcrypto.so (found version "3.0.2")  
[0.663s] -- Found FastRTPS: /opt/ros/humble/include  
[0.695s] -- Using RMW implementation 'rmw_fastrtps_cpp' as default
[0.702s] -- Looking for pthread.h
[0.770s] -- Looking for pthread.h - found
[0.771s] -- Performing Test CMAKE_HAVE_LIBC_PTHREAD
[0.847s] -- Performing Test CMAKE_HAVE_LIBC_PTHREAD - Success
[0.848s] -- Found Threads: TRUE  
[0.962s] -- Found rclcpp_components: 16.0.3 (/opt/ros/humble/share/rclcpp_components/cmake)
[1.006s] -- Found rclcpp_lifecycle: 16.0.3 (/opt/ros/humble/share/rclcpp_lifecycle/cmake)
[1.037s] -- Found sensor_msgs: 4.2.3 (/opt/ros/humble/share/sensor_msgs/cmake)
[1.124s] -- Found diagnostic_updater: 3.0.0 (/opt/ros/humble/share/diagnostic_updater/cmake)
[1.173s] -- Found laser_proc: 1.0.2 (/opt/ros/humble/share/laser_proc/cmake)
[1.219s] -- Found ament_cmake_gtest: 1.3.3 (/opt/ros/humble/share/ament_cmake_gtest/cmake)
[1.221s] -- Found gtest sources under '/opt/ros/humble/src/gtest_vendor': C++ tests using 'Google Test' will be built
[1.311s] -- Configuring done
[1.332s] -- Generating done
[1.333s] -- Build files have been written to: /home/roboclub/dev_ws/build/urg_node2
[1.344s] Invoked command in '/home/roboclub/dev_ws/build/urg_node2' returned '0': CMAKE_PREFIX_PATH=${CMAKE_PREFIX_PATH}:/opt/ros/humble /usr/bin/cmake /home/roboclub/dev_ws/src/urg_node2 -DAMENT_CMAKE_SYMLINK_INSTALL=1 -DCMAKE_INSTALL_PREFIX=/home/roboclub/dev_ws/install/urg_node2
[1.344s] Invoking command in '/home/roboclub/dev_ws/build/urg_node2': CMAKE_PREFIX_PATH=${CMAKE_PREFIX_PATH}:/opt/ros/humble /usr/bin/cmake --build /home/roboclub/dev_ws/build/urg_node2 -- -j16 -l16
[1.384s] [  5%] [32mBuilding CXX object gtest/CMakeFiles/gtest_main.dir/src/gtest_main.cc.o[0m
[1.384s] [ 15%] [32mBuilding CXX object CMakeFiles/urg_node2_node.dir/rclcpp_components/node_main_urg_node2_node.cpp.o[0m
[1.384s] [ 15%] [32mBuilding C object CMakeFiles/urg_c.dir/urg_library/current/src/urg_debug.c.o[0m
[1.384s] [ 20%] [32mBuilding C object CMakeFiles/urg_c.dir/urg_library/current/src/urg_connection.c.o[0m
[1.385s] [ 30%] [32mBuilding C object CMakeFiles/urg_c.dir/urg_library/current/src/urg_utils.c.o[0m
[1.385s] [ 30%] [32mBuilding C object CMakeFiles/urg_c.dir/urg_library/current/src/urg_tcpclient.c.o[0m
[1.385s] [ 35%] [32mBuilding CXX object gtest/CMakeFiles/gtest.dir/src/gtest-all.cc.o[0m
[1.386s] [ 40%] [32mBuilding C object CMakeFiles/urg_c.dir/urg_library/current/src/urg_sensor.c.o[0m
[1.387s] [ 45%] [32mBuilding C object CMakeFiles/urg_c.dir/urg_library/current/src/urg_ring_buffer.c.o[0m
[1.387s] [ 50%] [32mBuilding C object CMakeFiles/urg_c.dir/urg_library/current/src/urg_serial.c.o[0m
[1.388s] [ 55%] [32mBuilding C object CMakeFiles/urg_c.dir/urg_library/current/src/urg_serial_utils.c.o[0m
[1.420s] [01m[K/home/roboclub/dev_ws/src/urg_node2/urg_library/current/src/urg_utils.c:[m[K In function ‘[01m[Kurg_delay[m[K’:
[1.420s] [01m[K/home/roboclub/dev_ws/src/urg_node2/urg_library/current/src/urg_utils.c:224:5:[m[K [01;35m[Kwarning: [m[Kimplicit declaration of function ‘[01m[Kusleep[m[K’; did you mean ‘[01m[Kurg_sleep[m[K’? [[01;35m[K]8;;https://gcc.gnu.org/onlinedocs/gcc/Warning-Options.html#index-Wimplicit-function-declaration-Wimplicit-function-declaration]8;;[m[K]
[1.420s]   224 |     [01;35m[Kusleep[m[K(1000 * delay_msec);
[1.421s]       |     [01;35m[K^~~~~~[m[K
[1.421s]       |     [32m[Kurg_sleep[m[K
[1.424s] [01m[K/home/roboclub/dev_ws/src/urg_node2/urg_library/current/src/urg_sensor.c:1349:8:[m[K [01;35m[Kwarning: [m[Ktype qualifiers ignored on function return type [[01;35m[K]8;;https://gcc.gnu.org/onlinedocs/gcc/Warning-Options.html#index-Wignored-qualifiers-Wignored-qualifiers]8;;[m[K]
[1.424s]  1349 | static [01;35m[Kconst[m[K int receive_II_command_response(urg_t *urg,
[1.424s]       |        [01;35m[K^~~~~[m[K
[1.499s] [ 60%] [32m[1mLinking C shared library liburg_c.so[0m
[1.533s] [ 60%] Built target urg_c
[1.552s] [ 65%] [32mBuilding CXX object CMakeFiles/urg_node2.dir/src/urg_node2.cpp.o[0m
[1.967s] [ 70%] [32m[1mLinking CXX static library libgtest_main.a[0m
[1.995s] [ 70%] Built target gtest_main
[3.974s] [ 75%] [32m[1mLinking CXX static library libgtest.a[0m
[4.018s] [ 75%] Built target gtest
[4.035s] [ 80%] [32mBuilding CXX object CMakeFiles/urg_node2_test.dir/src/urg_node2.cpp.o[0m
[4.036s] [ 85%] [32mBuilding CXX object CMakeFiles/urg_node2_test.dir/test/urg_node2_test.cpp.o[0m
[4.134s] [ 90%] [32m[1mLinking CXX executable urg_node2_node[0m
[4.246s] [ 90%] Built target urg_node2_node
[7.163s] [ 95%] [32m[1mLinking CXX shared library liburg_node2.so[0m
[7.416s] [ 95%] Built target urg_node2
[13.956s] [100%] [32m[1mLinking CXX executable urg_node2_test[0m
[14.540s] [100%] Built target urg_node2_test
[14.549s] Invoked command in '/home/roboclub/dev_ws/build/urg_node2' returned '0': CMAKE_PREFIX_PATH=${CMAKE_PREFIX_PATH}:/opt/ros/humble /usr/bin/cmake --build /home/roboclub/dev_ws/build/urg_node2 -- -j16 -l16
[14.616s] Invoking command in '/home/roboclub/dev_ws/build/urg_node2': CMAKE_PREFIX_PATH=${CMAKE_PREFIX_PATH}:/opt/ros/humble /usr/bin/cmake --install /home/roboclub/dev_ws/build/urg_node2
[14.624s] -- Install configuration: ""
[14.624s] -- Execute custom install script
[14.624s] -- Symlinking: /home/roboclub/dev_ws/install/urg_node2/lib/urg_node2/urg_node2_node
[14.633s] -- Symlinking: /home/roboclub/dev_ws/install/urg_node2/lib/liburg_node2.so
[14.641s] -- Symlinking: /home/roboclub/dev_ws/install/urg_node2/lib/liburg_c.so
[14.651s] -- Symlinking: /home/roboclub/dev_ws/install/urg_node2/share/urg_node2/launch/urg_node2.launch.py
[14.661s] -- Symlinking: /home/roboclub/dev_ws/install/urg_node2/share/urg_node2/launch/urg_node2_2lidar.launch.py
[14.670s] -- Symlinking: /home/roboclub/dev_ws/install/urg_node2/share/urg_node2/launch/urg_node2_component.launch.py
[14.679s] -- Symlinking: /home/roboclub/dev_ws/install/urg_node2/share/urg_node2/config/params_ether.yaml
[14.687s] -- Symlinking: /home/roboclub/dev_ws/install/urg_node2/share/urg_node2/config/params_ether_2nd.yaml
[14.695s] -- Symlinking: /home/roboclub/dev_ws/install/urg_node2/share/urg_node2/config/params_serial.yaml
[14.702s] -- Symlinking: /home/roboclub/dev_ws/install/urg_node2/share/ament_index/resource_index/package_run_dependencies/urg_node2
[14.709s] -- Symlinking: /home/roboclub/dev_ws/install/urg_node2/share/ament_index/resource_index/parent_prefix_path/urg_node2
[14.714s] -- Symlinking: /home/roboclub/dev_ws/install/urg_node2/share/urg_node2/environment/ament_prefix_path.sh
[14.721s] -- Symlinking: /home/roboclub/dev_ws/install/urg_node2/share/urg_node2/environment/ament_prefix_path.dsv
[14.730s] -- Symlinking: /home/roboclub/dev_ws/install/urg_node2/share/urg_node2/environment/path.sh
[14.737s] -- Symlinking: /home/roboclub/dev_ws/install/urg_node2/share/urg_node2/environment/path.dsv
[14.745s] -- Symlinking: /home/roboclub/dev_ws/install/urg_node2/share/urg_node2/local_setup.bash
[14.751s] -- Symlinking: /home/roboclub/dev_ws/install/urg_node2/share/urg_node2/local_setup.sh
[14.756s] -- Symlinking: /home/roboclub/dev_ws/install/urg_node2/share/urg_node2/local_setup.zsh
[14.764s] -- Symlinking: /home/roboclub/dev_ws/install/urg_node2/share/urg_node2/local_setup.dsv
[14.774s] -- Symlinking: /home/roboclub/dev_ws/install/urg_node2/share/urg_node2/package.dsv
[14.784s] -- Symlinking: /home/roboclub/dev_ws/install/urg_node2/share/ament_index/resource_index/packages/urg_node2
[14.794s] -- Symlinking: /home/roboclub/dev_ws/install/urg_node2/share/ament_index/resource_index/rclcpp_components/urg_node2
[14.803s] -- Symlinking: /home/roboclub/dev_ws/install/urg_node2/share/urg_node2/cmake/urg_node2Config.cmake
[14.812s] -- Symlinking: /home/roboclub/dev_ws/install/urg_node2/share/urg_node2/cmake/urg_node2Config-version.cmake
[14.821s] -- Symlinking: /home/roboclub/dev_ws/install/urg_node2/share/urg_node2/package.xml
[14.833s] Invoked command in '/home/roboclub/dev_ws/build/urg_node2' returned '0': CMAKE_PREFIX_PATH=${CMAKE_PREFIX_PATH}:/opt/ros/humble /usr/bin/cmake --install /home/roboclub/dev_ws/build/urg_node2
