running develop
/usr/lib/python3/dist-packages/setuptools/command/easy_install.py:158: EasyInstallDeprecationWarning: easy_install command is deprecated. Use build and pip and other standards-based tools.
  warnings.warn(
/usr/lib/python3/dist-packages/setuptools/command/install.py:34: SetuptoolsDeprecationWarning: setup.py install is deprecated. Use build and pip and other standards-based tools.
  warnings.warn(
/usr/lib/python3/dist-packages/pkg_resources/__init__.py:116: PkgResourcesDeprecationWarning: 1.16.0-unknown is an invalid version and will not be supported in a future release
  warnings.warn(
/usr/lib/python3/dist-packages/pkg_resources/__init__.py:116: PkgResourcesDeprecationWarning: 1.1build1 is an invalid version and will not be supported in a future release
  warnings.warn(
/usr/lib/python3/dist-packages/pkg_resources/__init__.py:116: PkgResourcesDeprecationWarning: 0.1.43ubuntu1 is an invalid version and will not be supported in a future release
  warnings.warn(
running egg_info
writing jmu_bigbot.egg-info/PKG-INFO
writing dependency_links to jmu_bigbot.egg-info/dependency_links.txt
writing entry points to jmu_bigbot.egg-info/entry_points.txt
writing requirements to jmu_bigbot.egg-info/requires.txt
writing top-level names to jmu_bigbot.egg-info/top_level.txt
reading manifest file 'jmu_bigbot.egg-info/SOURCES.txt'
writing manifest file 'jmu_bigbot.egg-info/SOURCES.txt'
running build_ext
Creating /home/roboclub/dev_ws/install/jmu_bigbot/lib/python3.10/site-packages/jmu-bigbot.egg-link (link to .)

Installed /home/roboclub/dev_ws/build/jmu_bigbot
running install_data
