[0.460s] Invoking command in '/home/roboclub/dev_ws/build/jmu_bigbot': PYTHONPATH=/home/roboclub/dev_ws/build/jmu_bigbot/prefix_override:/home/roboclub/dev_ws/install/jmu_bigbot/lib/python3.10/site-packages:${PYTHONPATH} /usr/bin/python3 setup.py develop --editable --build-directory /home/roboclub/dev_ws/build/jmu_bigbot/build --no-deps install_data
[0.649s] running develop
[0.649s] /usr/lib/python3/dist-packages/setuptools/command/easy_install.py:158: EasyInstallDeprecationWarning: easy_install command is deprecated. Use build and pip and other standards-based tools.
[0.649s]   warnings.warn(
[0.649s] /usr/lib/python3/dist-packages/setuptools/command/install.py:34: SetuptoolsDeprecationWarning: setup.py install is deprecated. Use build and pip and other standards-based tools.
[0.650s]   warnings.warn(
[0.685s] /usr/lib/python3/dist-packages/pkg_resources/__init__.py:116: PkgResourcesDeprecationWarning: 1.16.0-unknown is an invalid version and will not be supported in a future release
[0.685s]   warnings.warn(
[0.685s] /usr/lib/python3/dist-packages/pkg_resources/__init__.py:116: PkgResourcesDeprecationWarning: 1.1build1 is an invalid version and will not be supported in a future release
[0.685s]   warnings.warn(
[0.685s] /usr/lib/python3/dist-packages/pkg_resources/__init__.py:116: PkgResourcesDeprecationWarning: 0.1.43ubuntu1 is an invalid version and will not be supported in a future release
[0.685s]   warnings.warn(
[0.752s] running egg_info
[0.752s] writing jmu_bigbot.egg-info/PKG-INFO
[0.753s] writing dependency_links to jmu_bigbot.egg-info/dependency_links.txt
[0.753s] writing entry points to jmu_bigbot.egg-info/entry_points.txt
[0.753s] writing requirements to jmu_bigbot.egg-info/requires.txt
[0.753s] writing top-level names to jmu_bigbot.egg-info/top_level.txt
[0.754s] reading manifest file 'jmu_bigbot.egg-info/SOURCES.txt'
[0.754s] writing manifest file 'jmu_bigbot.egg-info/SOURCES.txt'
[0.755s] running build_ext
[0.755s] Creating /home/roboclub/dev_ws/install/jmu_bigbot/lib/python3.10/site-packages/jmu-bigbot.egg-link (link to .)
[0.757s] 
[0.757s] Installed /home/roboclub/dev_ws/build/jmu_bigbot
[0.757s] running install_data
[0.777s] Invoked command in '/home/roboclub/dev_ws/build/jmu_bigbot' returned '0': PYTHONPATH=/home/roboclub/dev_ws/build/jmu_bigbot/prefix_override:/home/roboclub/dev_ws/install/jmu_bigbot/lib/python3.10/site-packages:${PYTHONPATH} /usr/bin/python3 setup.py develop --editable --build-directory /home/roboclub/dev_ws/build/jmu_bigbot/build --no-deps install_data
